[1015/100631.509:ERROR:process_memory_win.cc(73)] ReadMemory at 0x7ff7af750000 of 64 bytes failed: Endast delar av en ReadProcessMemory- eller WriteProcessMemory-begäran har slutförts. (0x12B)
[1015/100631.510:WARNING:pe_image_reader.cc(340)] could not read dos header from C:\Program Files (x86)\Google\Chrome\Application\chrome.exe
[1015/100631.511:ERROR:process_memory_win.cc(73)] ReadMemory at 0x7ff8eb2f0000 of 64 bytes failed: Endast delar av en ReadProcessMemory- eller WriteProcessMemory-begäran har slutförts. (0x12B)
[1015/100631.511:WARNING:pe_image_reader.cc(340)] could not read dos header from C:\windows\SYSTEM32\ntdll.dll
[1015/100631.511:ERROR:process_memory_win.cc(73)] ReadMemory at 0x7ff8e8d30000 of 64 bytes failed: Endast delar av en ReadProcessMemory- eller WriteProcessMemory-begäran har slutförts. (0x12B)
[1015/100631.511:WARNING:pe_image_reader.cc(340)] could not read dos header from C:\windows\System32\KERNEL32.DLL
[1015/100631.511:ERROR:process_memory_win.cc(73)] ReadMemory at 0x7ff8e7740000 of 64 bytes failed: Endast delar av en ReadProcessMemory- eller WriteProcessMemory-begäran har slutförts. (0x12B)
[1015/100631.512:WARNING:pe_image_reader.cc(340)] could not read dos header from C:\windows\System32\KERNELBASE.dll
[1015/100631.512:ERROR:process_memory_win.cc(73)] ReadMemory at 0x7ff8ab410000 of 64 bytes failed: Endast delar av en ReadProcessMemory- eller WriteProcessMemory-begäran har slutförts. (0x12B)
[1015/100631.512:WARNING:pe_image_reader.cc(340)] could not read dos header from C:\Program Files (x86)\Google\Chrome\Application\86.0.4240.75\chrome_elf.dll
[1015/100631.512:ERROR:process_memory_win.cc(73)] ReadMemory at 0x7ff8e0340000 of 64 bytes failed: Endast delar av en ReadProcessMemory- eller WriteProcessMemory-begäran har slutförts. (0x12B)
[1015/100631.512:WARNING:pe_image_reader.cc(340)] could not read dos header from C:\windows\SYSTEM32\VERSION.dll
[1015/100631.512:ERROR:process_memory_win.cc(73)] ReadMemory at 0x7ff8ea860000 of 64 bytes failed: Endast delar av en ReadProcessMemory- eller WriteProcessMemory-begäran har slutförts. (0x12B)
[1015/100631.512:WARNING:pe_image_reader.cc(340)] could not read dos header from C:\windows\System32\msvcrt.dll
[1015/100631.512:ERROR:process_memory_win.cc(73)] ReadMemory at 0x7ff8e7420000 of 64 bytes failed: Endast delar av en ReadProcessMemory- eller WriteProcessMemory-begäran har slutförts. (0x12B)
[1015/100631.512:WARNING:pe_image_reader.cc(340)] could not read dos header from C:\windows\System32\bcryptPrimitives.dll
[1015/100631.512:ERROR:process_memory_win.cc(73)] ReadMemory at 0x7ff8e8840000 of 64 bytes failed: Endast delar av en ReadProcessMemory- eller WriteProcessMemory-begäran har slutförts. (0x12B)
[1015/100631.513:WARNING:pe_image_reader.cc(340)] could not read dos header from C:\windows\System32\ADVAPI32.dll
[1015/100631.513:ERROR:process_memory_win.cc(73)] ReadMemory at 0x7ff8ea660000 of 64 bytes failed: Endast delar av en ReadProcessMemory- eller WriteProcessMemory-begäran har slutförts. (0x12B)
[1015/100631.513:WARNING:pe_image_reader.cc(340)] could not read dos header from C:\windows\System32\sechost.dll
[1015/100631.513:ERROR:process_memory_win.cc(73)] ReadMemory at 0x7ff8eada0000 of 64 bytes failed: Endast delar av en ReadProcessMemory- eller WriteProcessMemory-begäran har slutförts. (0x12B)
[1015/100631.513:WARNING:pe_image_reader.cc(340)] could not read dos header from C:\windows\System32\RPCRT4.dll
[1015/100631.513:ERROR:process_memory_win.cc(73)] ReadMemory at 0x7ff870670000 of 64 bytes failed: Endast delar av en ReadProcessMemory- eller WriteProcessMemory-begäran har slutförts. (0x12B)
[1015/100631.513:WARNING:pe_image_reader.cc(340)] could not read dos header from C:\Program Files (x86)\Google\Chrome\Application\86.0.4240.75\chrome.dll
[1015/100631.513:ERROR:process_memory_win.cc(73)] ReadMemory at 0x7ff8ea3c0000 of 64 bytes failed: Endast delar av en ReadProcessMemory- eller WriteProcessMemory-begäran har slutförts. (0x12B)
[1015/100631.513:WARNING:pe_image_reader.cc(340)] could not read dos header from C:\windows\System32\WS2_32.dll
[1015/100631.513:ERROR:process_memory_win.cc(73)] ReadMemory at 0x7ff8eaed0000 of 64 bytes failed: Endast delar av en ReadProcessMemory- eller WriteProcessMemory-begäran har slutförts. (0x12B)
[1015/100631.513:WARNING:pe_image_reader.cc(340)] could not read dos header from C:\windows\System32\OLEAUT32.dll
[1015/100631.513:ERROR:process_memory_win.cc(73)] ReadMemory at 0x7ff8e76a0000 of 64 bytes failed: Endast delar av en ReadProcessMemory- eller WriteProcessMemory-begäran har slutförts. (0x12B)
[1015/100631.513:WARNING:pe_image_reader.cc(340)] could not read dos header from C:\windows\System32\msvcp_win.dll
[1015/100631.513:ERROR:process_memory_win.cc(73)] ReadMemory at 0x7ff8e8300000 of 64 bytes failed: Endast delar av en ReadProcessMemory- eller WriteProcessMemory-begäran har slutförts. (0x12B)
[1015/100631.515:WARNING:pe_image_reader.cc(340)] could not read dos header from C:\windows\System32\ucrtbase.dll
[1015/100631.515:ERROR:process_memory_win.cc(73)] ReadMemory at 0x7ff8e8a00000 of 64 bytes failed: Endast delar av en ReadProcessMemory- eller WriteProcessMemory-begäran har slutförts. (0x12B)
[1015/100631.515:WARNING:pe_image_reader.cc(340)] could not read dos header from C:\windows\System32\combase.dll
[1015/100631.515:ERROR:process_memory_win.cc(73)] ReadMemory at 0x7ff8e84b0000 of 64 bytes failed: Endast delar av en ReadProcessMemory- eller WriteProcessMemory-begäran har slutförts. (0x12B)
[1015/100631.516:WARNING:pe_image_reader.cc(340)] could not read dos header from C:\windows\System32\WINTRUST.dll
[1015/100631.516:ERROR:process_memory_win.cc(73)] ReadMemory at 0x7ff8e7350000 of 64 bytes failed: Endast delar av en ReadProcessMemory- eller WriteProcessMemory-begäran har slutförts. (0x12B)
[1015/100631.516:WARNING:pe_image_reader.cc(340)] could not read dos header from C:\windows\System32\MSASN1.dll
[1015/100631.516:ERROR:process_memory_win.cc(73)] ReadMemory at 0x7ff8e74c0000 of 64 bytes failed: Endast delar av en ReadProcessMemory- eller WriteProcessMemory-begäran har slutförts. (0x12B)
[1015/100631.516:WARNING:pe_image_reader.cc(340)] could not read dos header from C:\windows\System32\CRYPT32.dll
[1015/100631.516:ERROR:process_memory_win.cc(73)] ReadMemory at 0x7ff8e2a60000 of 64 bytes failed: Endast delar av en ReadProcessMemory- eller WriteProcessMemory-begäran har slutförts. (0x12B)
[1015/100631.517:WARNING:pe_image_reader.cc(340)] could not read dos header from C:\windows\SYSTEM32\dbghelp.dll
[1015/100631.517:ERROR:process_memory_win.cc(73)] ReadMemory at 0x7ff8e67b0000 of 64 bytes failed: Endast delar av en ReadProcessMemory- eller WriteProcessMemory-begäran har slutförts. (0x12B)
[1015/100631.517:WARNING:pe_image_reader.cc(340)] could not read dos header from C:\windows\SYSTEM32\IPHLPAPI.DLL
[1015/100631.517:ERROR:process_memory_win.cc(73)] ReadMemory at 0x7ff8e1df0000 of 64 bytes failed: Endast delar av en ReadProcessMemory- eller WriteProcessMemory-begäran har slutförts. (0x12B)
[1015/100631.517:WARNING:pe_image_reader.cc(340)] could not read dos header from C:\windows\SYSTEM32\WINMM.dll
[1015/100631.517:ERROR:process_memory_win.cc(73)] ReadMemory at 0x7ff8bd7e0000 of 64 bytes failed: Endast delar av en ReadProcessMemory- eller WriteProcessMemory-begäran har slutförts. (0x12B)
[1015/100631.517:WARNING:pe_image_reader.cc(340)] could not read dos header from C:\windows\SYSTEM32\UIAutomationCore.DLL
[1015/100631.517:ERROR:process_memory_win.cc(73)] ReadMemory at 0x7ff8d5740000 of 64 bytes failed: Endast delar av en ReadProcessMemory- eller WriteProcessMemory-begäran har slutförts. (0x12B)
[1015/100631.518:WARNING:pe_image_reader.cc(340)] could not read dos header from C:\windows\SYSTEM32\Secur32.dll
[1015/100631.518:ERROR:process_memory_win.cc(73)] ReadMemory at 0x7ff8e71c0000 of 64 bytes failed: Endast delar av en ReadProcessMemory- eller WriteProcessMemory-begäran har slutförts. (0x12B)
[1015/100631.518:WARNING:pe_image_reader.cc(340)] could not read dos header from C:\windows\SYSTEM32\USERENV.dll
[1015/100631.518:ERROR:process_memory_win.cc(73)] ReadMemory at 0x7ff8e7370000 of 64 bytes failed: Endast delar av en ReadProcessMemory- eller WriteProcessMemory-begäran har slutförts. (0x12B)
[1015/100631.518:WARNING:pe_image_reader.cc(340)] could not read dos header from C:\windows\System32\profapi.dll
[1015/100631.519:ERROR:process_memory_win.cc(73)] ReadMemory at 0x7ff8cd260000 of 64 bytes failed: Endast delar av en ReadProcessMemory- eller WriteProcessMemory-begäran har slutförts. (0x12B)
[1015/100631.519:WARNING:pe_image_reader.cc(340)] could not read dos header from C:\windows\SYSTEM32\DWrite.dll
[1015/100631.519:ERROR:process_memory_win.cc(73)] ReadMemory at 0x7ff8c8c30000 of 64 bytes failed: Endast delar av en ReadProcessMemory- eller WriteProcessMemory-begäran har slutförts. (0x12B)
[1015/100631.519:WARNING:pe_image_reader.cc(340)] could not read dos header from C:\windows\SYSTEM32\WINSPOOL.DRV
[1015/100631.519:ERROR:process_memory_win.cc(73)] ReadMemory at 0x7ff8e72d0000 of 64 bytes failed: Endast delar av en ReadProcessMemory- eller WriteProcessMemory-begäran har slutförts. (0x12B)
[1015/100631.519:WARNING:pe_image_reader.cc(340)] could not read dos header from C:\windows\System32\kernel.appcore.dll
[1015/100631.519:ERROR:process_memory_win.cc(73)] ReadMemory at 0x7ff8e73a0000 of 64 bytes failed: Endast delar av en ReadProcessMemory- eller WriteProcessMemory-begäran har slutförts. (0x12B)
[1015/100631.519:WARNING:pe_image_reader.cc(340)] could not read dos header from C:\windows\System32\bcrypt.dll
[1015/100631.519:ERROR:process_memory_win.cc(73)] ReadMemory at 0x7ff8d8a60000 of 64 bytes failed: Endast delar av en ReadProcessMemory- eller WriteProcessMemory-begäran har slutförts. (0x12B)
[1015/100631.519:WARNING:pe_image_reader.cc(340)] could not read dos header from C:\windows\SYSTEM32\WINHTTP.dll
[1015/100631.519:ERROR:process_memory_win.cc(73)] ReadMemory at 0x7ff8e2740000 of 64 bytes failed: Endast delar av en ReadProcessMemory- eller WriteProcessMemory-begäran har slutförts. (0x12B)
[1015/100631.520:WARNING:pe_image_reader.cc(340)] could not read dos header from C:\windows\SYSTEM32\dhcpcsvc.DLL
[1015/100631.520:ERROR:process_memory_win.cc(73)] ReadMemory at 0x7ff8ea3b0000 of 64 bytes failed: Endast delar av en ReadProcessMemory- eller WriteProcessMemory-begäran har slutförts. (0x12B)
[1015/100631.520:WARNING:pe_image_reader.cc(340)] could not read dos header from C:\windows\System32\NSI.dll
[1015/100631.520:ERROR:process_memory_win.cc(73)] ReadMemory at 0x7ff8e1d30000 of 64 bytes failed: Endast delar av en ReadProcessMemory- eller WriteProcessMemory-begäran har slutförts. (0x12B)
[1015/100631.520:WARNING:pe_image_reader.cc(340)] could not read dos header from C:\windows\SYSTEM32\WINMMBASE.dll
[1015/100631.520:ERROR:process_memory_win.cc(73)] ReadMemory at 0x7ff8e73d0000 of 64 bytes failed: Endast delar av en ReadProcessMemory- eller WriteProcessMemory-begäran har slutförts. (0x12B)
[1015/100631.520:WARNING:pe_image_reader.cc(340)] could not read dos header from C:\windows\System32\cfgmgr32.dll
[1015/100631.520:ERROR:process_memory_win.cc(73)] ReadMemory at 0x7ff8d0b20000 of 64 bytes failed: Endast delar av en ReadProcessMemory- eller WriteProcessMemory-begäran har slutförts. (0x12B)
[1015/100631.520:WARNING:pe_image_reader.cc(340)] could not read dos header from C:\windows\SYSTEM32\Bcp47Langs.dll
[1015/100631.520:ERROR:process_memory_win.cc(73)] ReadMemory at 0x7ff8e3a90000 of 64 bytes failed: Endast delar av en ReadProcessMemory- eller WriteProcessMemory-begäran har slutförts. (0x12B)
[1015/100631.520:WARNING:pe_image_reader.cc(340)] could not read dos header from C:\windows\SYSTEM32\PROPSYS.dll
[1015/100631.520:ERROR:process_memory_win.cc(73)] ReadMemory at 0x7ff8e8790000 of 64 bytes failed: Endast delar av en ReadProcessMemory- eller WriteProcessMemory-begäran har slutförts. (0x12B)
[1015/100631.520:WARNING:pe_image_reader.cc(340)] could not read dos header from C:\windows\System32\shcore.dll
[1015/100631.520:ERROR:process_memory_win.cc(73)] ReadMemory at 0x7ff8e71f0000 of 64 bytes failed: Endast delar av en ReadProcessMemory- eller WriteProcessMemory-begäran har slutförts. (0x12B)
[1015/100631.521:WARNING:pe_image_reader.cc(340)] could not read dos header from C:\windows\SYSTEM32\SSPICLI.DLL
[1015/100631.521:ERROR:process_memory_win.cc(73)] ReadMemory at 0x7ff8e6c60000 of 64 bytes failed: Endast delar av en ReadProcessMemory- eller WriteProcessMemory-begäran har slutförts. (0x12B)
[1015/100631.521:WARNING:pe_image_reader.cc(340)] could not read dos header from C:\windows\SYSTEM32\CRYPTBASE.DLL
[1015/100631.525:ERROR:process_memory_win.cc(73)] ReadMemory at 0x7ff7af750000 of 64 bytes failed: Endast delar av en ReadProcessMemory- eller WriteProcessMemory-begäran har slutförts. (0x12B)
[1015/100631.525:WARNING:pe_image_reader.cc(340)] could not read dos header from C:\Program Files (x86)\Google\Chrome\Application\chrome.exe
[1015/100631.525:ERROR:process_memory_win.cc(73)] ReadMemory at 0x7ff8eb2f0000 of 64 bytes failed: Endast delar av en ReadProcessMemory- eller WriteProcessMemory-begäran har slutförts. (0x12B)
[1015/100631.525:WARNING:pe_image_reader.cc(340)] could not read dos header from C:\windows\SYSTEM32\ntdll.dll
[1015/100631.526:ERROR:process_memory_win.cc(73)] ReadMemory at 0x7ff8e8d30000 of 64 bytes failed: Endast delar av en ReadProcessMemory- eller WriteProcessMemory-begäran har slutförts. (0x12B)
[1015/100631.526:WARNING:pe_image_reader.cc(340)] could not read dos header from C:\windows\System32\KERNEL32.DLL
[1015/100631.526:ERROR:process_memory_win.cc(73)] ReadMemory at 0x7ff8e7740000 of 64 bytes failed: Endast delar av en ReadProcessMemory- eller WriteProcessMemory-begäran har slutförts. (0x12B)
[1015/100631.526:WARNING:pe_image_reader.cc(340)] could not read dos header from C:\windows\System32\KERNELBASE.dll
[1015/100631.526:ERROR:process_memory_win.cc(73)] ReadMemory at 0x7ff8ab410000 of 64 bytes failed: Endast delar av en ReadProcessMemory- eller WriteProcessMemory-begäran har slutförts. (0x12B)
[1015/100631.526:WARNING:pe_image_reader.cc(340)] could not read dos header from C:\Program Files (x86)\Google\Chrome\Application\86.0.4240.75\chrome_elf.dll
[1015/100631.526:ERROR:process_memory_win.cc(73)] ReadMemory at 0x7ff8e0340000 of 64 bytes failed: Endast delar av en ReadProcessMemory- eller WriteProcessMemory-begäran har slutförts. (0x12B)
[1015/100631.526:WARNING:pe_image_reader.cc(340)] could not read dos header from C:\windows\SYSTEM32\VERSION.dll
[1015/100631.526:ERROR:process_memory_win.cc(73)] ReadMemory at 0x7ff8ea860000 of 64 bytes failed: Endast delar av en ReadProcessMemory- eller WriteProcessMemory-begäran har slutförts. (0x12B)
[1015/100631.526:WARNING:pe_image_reader.cc(340)] could not read dos header from C:\windows\System32\msvcrt.dll
[1015/100631.526:ERROR:process_memory_win.cc(73)] ReadMemory at 0x7ff8e7420000 of 64 bytes failed: Endast delar av en ReadProcessMemory- eller WriteProcessMemory-begäran har slutförts. (0x12B)
[1015/100631.526:WARNING:pe_image_reader.cc(340)] could not read dos header from C:\windows\System32\bcryptPrimitives.dll
[1015/100631.526:ERROR:process_memory_win.cc(73)] ReadMemory at 0x7ff8e8840000 of 64 bytes failed: Endast delar av en ReadProcessMemory- eller WriteProcessMemory-begäran har slutförts. (0x12B)
[1015/100631.527:WARNING:pe_image_reader.cc(340)] could not read dos header from C:\windows\System32\ADVAPI32.dll
[1015/100631.527:ERROR:process_memory_win.cc(73)] ReadMemory at 0x7ff8ea660000 of 64 bytes failed: Endast delar av en ReadProcessMemory- eller WriteProcessMemory-begäran har slutförts. (0x12B)
[1015/100631.527:WARNING:pe_image_reader.cc(340)] could not read dos header from C:\windows\System32\sechost.dll
[1015/100631.527:ERROR:process_memory_win.cc(73)] ReadMemory at 0x7ff8eada0000 of 64 bytes failed: Endast delar av en ReadProcessMemory- eller WriteProcessMemory-begäran har slutförts. (0x12B)
[1015/100631.527:WARNING:pe_image_reader.cc(340)] could not read dos header from C:\windows\System32\RPCRT4.dll
[1015/100631.527:ERROR:process_memory_win.cc(73)] ReadMemory at 0x7ff870670000 of 64 bytes failed: Endast delar av en ReadProcessMemory- eller WriteProcessMemory-begäran har slutförts. (0x12B)
[1015/100631.527:WARNING:pe_image_reader.cc(340)] could not read dos header from C:\Program Files (x86)\Google\Chrome\Application\86.0.4240.75\chrome.dll
[1015/100631.527:ERROR:process_memory_win.cc(73)] ReadMemory at 0x7ff8ea3c0000 of 64 bytes failed: Endast delar av en ReadProcessMemory- eller WriteProcessMemory-begäran har slutförts. (0x12B)
[1015/100631.527:WARNING:pe_image_reader.cc(340)] could not read dos header from C:\windows\System32\WS2_32.dll
[1015/100631.527:ERROR:process_memory_win.cc(73)] ReadMemory at 0x7ff8eaed0000 of 64 bytes failed: Endast delar av en ReadProcessMemory- eller WriteProcessMemory-begäran har slutförts. (0x12B)
[1015/100631.528:WARNING:pe_image_reader.cc(340)] could not read dos header from C:\windows\System32\OLEAUT32.dll
[1015/100631.528:ERROR:process_memory_win.cc(73)] ReadMemory at 0x7ff8e76a0000 of 64 bytes failed: Endast delar av en ReadProcessMemory- eller WriteProcessMemory-begäran har slutförts. (0x12B)
[1015/100631.528:WARNING:pe_image_reader.cc(340)] could not read dos header from C:\windows\System32\msvcp_win.dll
[1015/100631.528:ERROR:process_memory_win.cc(73)] ReadMemory at 0x7ff8e8300000 of 64 bytes failed: Endast delar av en ReadProcessMemory- eller WriteProcessMemory-begäran har slutförts. (0x12B)
[1015/100631.528:WARNING:pe_image_reader.cc(340)] could not read dos header from C:\windows\System32\ucrtbase.dll
[1015/100631.528:ERROR:process_memory_win.cc(73)] ReadMemory at 0x7ff8e8a00000 of 64 bytes failed: Endast delar av en ReadProcessMemory- eller WriteProcessMemory-begäran har slutförts. (0x12B)
[1015/100631.528:WARNING:pe_image_reader.cc(340)] could not read dos header from C:\windows\System32\combase.dll
[1015/100631.528:ERROR:process_memory_win.cc(73)] ReadMemory at 0x7ff8e84b0000 of 64 bytes failed: Endast delar av en ReadProcessMemory- eller WriteProcessMemory-begäran har slutförts. (0x12B)
[1015/100631.528:WARNING:pe_image_reader.cc(340)] could not read dos header from C:\windows\System32\WINTRUST.dll
[1015/100631.528:ERROR:process_memory_win.cc(73)] ReadMemory at 0x7ff8e7350000 of 64 bytes failed: Endast delar av en ReadProcessMemory- eller WriteProcessMemory-begäran har slutförts. (0x12B)
[1015/100631.528:WARNING:pe_image_reader.cc(340)] could not read dos header from C:\windows\System32\MSASN1.dll
[1015/100631.528:ERROR:process_memory_win.cc(73)] ReadMemory at 0x7ff8e74c0000 of 64 bytes failed: Endast delar av en ReadProcessMemory- eller WriteProcessMemory-begäran har slutförts. (0x12B)
[1015/100631.528:WARNING:pe_image_reader.cc(340)] could not read dos header from C:\windows\System32\CRYPT32.dll
[1015/100631.528:ERROR:process_memory_win.cc(73)] ReadMemory at 0x7ff8e2a60000 of 64 bytes failed: Endast delar av en ReadProcessMemory- eller WriteProcessMemory-begäran har slutförts. (0x12B)
[1015/100631.528:WARNING:pe_image_reader.cc(340)] could not read dos header from C:\windows\SYSTEM32\dbghelp.dll
[1015/100631.528:ERROR:process_memory_win.cc(73)] ReadMemory at 0x7ff8e67b0000 of 64 bytes failed: Endast delar av en ReadProcessMemory- eller WriteProcessMemory-begäran har slutförts. (0x12B)
[1015/100631.529:WARNING:pe_image_reader.cc(340)] could not read dos header from C:\windows\SYSTEM32\IPHLPAPI.DLL
[1015/100631.529:ERROR:process_memory_win.cc(73)] ReadMemory at 0x7ff8e1df0000 of 64 bytes failed: Endast delar av en ReadProcessMemory- eller WriteProcessMemory-begäran har slutförts. (0x12B)
[1015/100631.529:WARNING:pe_image_reader.cc(340)] could not read dos header from C:\windows\SYSTEM32\WINMM.dll
[1015/100631.529:ERROR:process_memory_win.cc(73)] ReadMemory at 0x7ff8bd7e0000 of 64 bytes failed: Endast delar av en ReadProcessMemory- eller WriteProcessMemory-begäran har slutförts. (0x12B)
[1015/100631.529:WARNING:pe_image_reader.cc(340)] could not read dos header from C:\windows\SYSTEM32\UIAutomationCore.DLL
[1015/100631.529:ERROR:process_memory_win.cc(73)] ReadMemory at 0x7ff8d5740000 of 64 bytes failed: Endast delar av en ReadProcessMemory- eller WriteProcessMemory-begäran har slutförts. (0x12B)
[1015/100631.529:WARNING:pe_image_reader.cc(340)] could not read dos header from C:\windows\SYSTEM32\Secur32.dll
[1015/100631.529:ERROR:process_memory_win.cc(73)] ReadMemory at 0x7ff8e71c0000 of 64 bytes failed: Endast delar av en ReadProcessMemory- eller WriteProcessMemory-begäran har slutförts. (0x12B)
[1015/100631.529:WARNING:pe_image_reader.cc(340)] could not read dos header from C:\windows\SYSTEM32\USERENV.dll
[1015/100631.529:ERROR:process_memory_win.cc(73)] ReadMemory at 0x7ff8e7370000 of 64 bytes failed: Endast delar av en ReadProcessMemory- eller WriteProcessMemory-begäran har slutförts. (0x12B)
[1015/100631.529:WARNING:pe_image_reader.cc(340)] could not read dos header from C:\windows\System32\profapi.dll
[1015/100631.529:ERROR:process_memory_win.cc(73)] ReadMemory at 0x7ff8cd260000 of 64 bytes failed: Endast delar av en ReadProcessMemory- eller WriteProcessMemory-begäran har slutförts. (0x12B)
[1015/100631.529:WARNING:pe_image_reader.cc(340)] could not read dos header from C:\windows\SYSTEM32\DWrite.dll
[1015/100631.529:ERROR:process_memory_win.cc(73)] ReadMemory at 0x7ff8c8c30000 of 64 bytes failed: Endast delar av en ReadProcessMemory- eller WriteProcessMemory-begäran har slutförts. (0x12B)
[1015/100631.530:WARNING:pe_image_reader.cc(340)] could not read dos header from C:\windows\SYSTEM32\WINSPOOL.DRV
[1015/100631.530:ERROR:process_memory_win.cc(73)] ReadMemory at 0x7ff8e72d0000 of 64 bytes failed: Endast delar av en ReadProcessMemory- eller WriteProcessMemory-begäran har slutförts. (0x12B)
[1015/100631.530:WARNING:pe_image_reader.cc(340)] could not read dos header from C:\windows\System32\kernel.appcore.dll
[1015/100631.530:ERROR:process_memory_win.cc(73)] ReadMemory at 0x7ff8e73a0000 of 64 bytes failed: Endast delar av en ReadProcessMemory- eller WriteProcessMemory-begäran har slutförts. (0x12B)
[1015/100631.530:WARNING:pe_image_reader.cc(340)] could not read dos header from C:\windows\System32\bcrypt.dll
[1015/100631.530:ERROR:process_memory_win.cc(73)] ReadMemory at 0x7ff8d8a60000 of 64 bytes failed: Endast delar av en ReadProcessMemory- eller WriteProcessMemory-begäran har slutförts. (0x12B)
[1015/100631.530:WARNING:pe_image_reader.cc(340)] could not read dos header from C:\windows\SYSTEM32\WINHTTP.dll
[1015/100631.530:ERROR:process_memory_win.cc(73)] ReadMemory at 0x7ff8e2740000 of 64 bytes failed: Endast delar av en ReadProcessMemory- eller WriteProcessMemory-begäran har slutförts. (0x12B)
[1015/100631.530:WARNING:pe_image_reader.cc(340)] could not read dos header from C:\windows\SYSTEM32\dhcpcsvc.DLL
[1015/100631.530:ERROR:process_memory_win.cc(73)] ReadMemory at 0x7ff8ea3b0000 of 64 bytes failed: Endast delar av en ReadProcessMemory- eller WriteProcessMemory-begäran har slutförts. (0x12B)
[1015/100631.530:WARNING:pe_image_reader.cc(340)] could not read dos header from C:\windows\System32\NSI.dll
[1015/100631.530:ERROR:process_memory_win.cc(73)] ReadMemory at 0x7ff8e1d30000 of 64 bytes failed: Endast delar av en ReadProcessMemory- eller WriteProcessMemory-begäran har slutförts. (0x12B)
[1015/100631.530:WARNING:pe_image_reader.cc(340)] could not read dos header from C:\windows\SYSTEM32\WINMMBASE.dll
[1015/100631.530:ERROR:process_memory_win.cc(73)] ReadMemory at 0x7ff8e73d0000 of 64 bytes failed: Endast delar av en ReadProcessMemory- eller WriteProcessMemory-begäran har slutförts. (0x12B)
[1015/100631.530:WARNING:pe_image_reader.cc(340)] could not read dos header from C:\windows\System32\cfgmgr32.dll
[1015/100631.530:ERROR:process_memory_win.cc(73)] ReadMemory at 0x7ff8d0b20000 of 64 bytes failed: Endast delar av en ReadProcessMemory- eller WriteProcessMemory-begäran har slutförts. (0x12B)
[1015/100631.530:WARNING:pe_image_reader.cc(340)] could not read dos header from C:\windows\SYSTEM32\Bcp47Langs.dll
[1015/100631.530:ERROR:process_memory_win.cc(73)] ReadMemory at 0x7ff8e3a90000 of 64 bytes failed: Endast delar av en ReadProcessMemory- eller WriteProcessMemory-begäran har slutförts. (0x12B)
[1015/100631.530:WARNING:pe_image_reader.cc(340)] could not read dos header from C:\windows\SYSTEM32\PROPSYS.dll
[1015/100631.531:ERROR:process_memory_win.cc(73)] ReadMemory at 0x7ff8e8790000 of 64 bytes failed: Endast delar av en ReadProcessMemory- eller WriteProcessMemory-begäran har slutförts. (0x12B)
[1015/100631.531:WARNING:pe_image_reader.cc(340)] could not read dos header from C:\windows\System32\shcore.dll
[1015/100631.531:ERROR:process_memory_win.cc(73)] ReadMemory at 0x7ff8e71f0000 of 64 bytes failed: Endast delar av en ReadProcessMemory- eller WriteProcessMemory-begäran har slutförts. (0x12B)
[1015/100631.531:WARNING:pe_image_reader.cc(340)] could not read dos header from C:\windows\SYSTEM32\SSPICLI.DLL
[1015/100631.531:ERROR:process_memory_win.cc(73)] ReadMemory at 0x7ff8e6c60000 of 64 bytes failed: Endast delar av en ReadProcessMemory- eller WriteProcessMemory-begäran har slutförts. (0x12B)
[1015/100631.531:WARNING:pe_image_reader.cc(340)] could not read dos header from C:\windows\SYSTEM32\CRYPTBASE.DLL
[1015/100631.531:ERROR:process_memory_win.cc(73)] ReadMemory at 0x7ff7af750000 of 64 bytes failed: Endast delar av en ReadProcessMemory- eller WriteProcessMemory-begäran har slutförts. (0x12B)
[1015/100631.531:WARNING:pe_image_reader.cc(340)] could not read dos header from C:\Program Files (x86)\Google\Chrome\Application\chrome.exe
[1015/100631.531:ERROR:process_memory_win.cc(73)] ReadMemory at 0x7ff8eb2f0000 of 64 bytes failed: Endast delar av en ReadProcessMemory- eller WriteProcessMemory-begäran har slutförts. (0x12B)
[1015/100631.531:WARNING:pe_image_reader.cc(340)] could not read dos header from C:\windows\SYSTEM32\ntdll.dll
[1015/100631.531:ERROR:process_memory_win.cc(73)] ReadMemory at 0x7ff8e8d30000 of 64 bytes failed: Endast delar av en ReadProcessMemory- eller WriteProcessMemory-begäran har slutförts. (0x12B)
[1015/100631.531:WARNING:pe_image_reader.cc(340)] could not read dos header from C:\windows\System32\KERNEL32.DLL
[1015/100631.531:ERROR:process_memory_win.cc(73)] ReadMemory at 0x7ff8e7740000 of 64 bytes failed: Endast delar av en ReadProcessMemory- eller WriteProcessMemory-begäran har slutförts. (0x12B)
[1015/100631.532:WARNING:pe_image_reader.cc(340)] could not read dos header from C:\windows\System32\KERNELBASE.dll
[1015/100631.532:ERROR:process_memory_win.cc(73)] ReadMemory at 0x7ff8ab410000 of 64 bytes failed: Endast delar av en ReadProcessMemory- eller WriteProcessMemory-begäran har slutförts. (0x12B)
[1015/100631.532:WARNING:pe_image_reader.cc(340)] could not read dos header from C:\Program Files (x86)\Google\Chrome\Application\86.0.4240.75\chrome_elf.dll
[1015/100631.532:ERROR:process_memory_win.cc(73)] ReadMemory at 0x7ff8e0340000 of 64 bytes failed: Endast delar av en ReadProcessMemory- eller WriteProcessMemory-begäran har slutförts. (0x12B)
[1015/100631.532:WARNING:pe_image_reader.cc(340)] could not read dos header from C:\windows\SYSTEM32\VERSION.dll
[1015/100631.532:ERROR:process_memory_win.cc(73)] ReadMemory at 0x7ff8ea860000 of 64 bytes failed: Endast delar av en ReadProcessMemory- eller WriteProcessMemory-begäran har slutförts. (0x12B)
[1015/100631.532:WARNING:pe_image_reader.cc(340)] could not read dos header from C:\windows\System32\msvcrt.dll
[1015/100631.532:ERROR:process_memory_win.cc(73)] ReadMemory at 0x7ff8e7420000 of 64 bytes failed: Endast delar av en ReadProcessMemory- eller WriteProcessMemory-begäran har slutförts. (0x12B)
[1015/100631.532:WARNING:pe_image_reader.cc(340)] could not read dos header from C:\windows\System32\bcryptPrimitives.dll
[1015/100631.532:ERROR:process_memory_win.cc(73)] ReadMemory at 0x7ff8e8840000 of 64 bytes failed: Endast delar av en ReadProcessMemory- eller WriteProcessMemory-begäran har slutförts. (0x12B)
[1015/100631.532:WARNING:pe_image_reader.cc(340)] could not read dos header from C:\windows\System32\ADVAPI32.dll
[1015/100631.533:ERROR:process_memory_win.cc(73)] ReadMemory at 0x7ff8ea660000 of 64 bytes failed: Endast delar av en ReadProcessMemory- eller WriteProcessMemory-begäran har slutförts. (0x12B)
[1015/100631.533:WARNING:pe_image_reader.cc(340)] could not read dos header from C:\windows\System32\sechost.dll
[1015/100631.533:ERROR:process_memory_win.cc(73)] ReadMemory at 0x7ff8eada0000 of 64 bytes failed: Endast delar av en ReadProcessMemory- eller WriteProcessMemory-begäran har slutförts. (0x12B)
[1015/100631.533:WARNING:pe_image_reader.cc(340)] could not read dos header from C:\windows\System32\RPCRT4.dll
[1015/100631.533:ERROR:process_memory_win.cc(73)] ReadMemory at 0x7ff870670000 of 64 bytes failed: Endast delar av en ReadProcessMemory- eller WriteProcessMemory-begäran har slutförts. (0x12B)
[1015/100631.533:WARNING:pe_image_reader.cc(340)] could not read dos header from C:\Program Files (x86)\Google\Chrome\Application\86.0.4240.75\chrome.dll
[1015/100631.533:ERROR:process_memory_win.cc(73)] ReadMemory at 0x7ff8ea3c0000 of 64 bytes failed: Endast delar av en ReadProcessMemory- eller WriteProcessMemory-begäran har slutförts. (0x12B)
[1015/100631.533:WARNING:pe_image_reader.cc(340)] could not read dos header from C:\windows\System32\WS2_32.dll
[1015/100631.533:ERROR:process_memory_win.cc(73)] ReadMemory at 0x7ff8eaed0000 of 64 bytes failed: Endast delar av en ReadProcessMemory- eller WriteProcessMemory-begäran har slutförts. (0x12B)
[1015/100631.533:WARNING:pe_image_reader.cc(340)] could not read dos header from C:\windows\System32\OLEAUT32.dll
[1015/100631.533:ERROR:process_memory_win.cc(73)] ReadMemory at 0x7ff8e76a0000 of 64 bytes failed: Endast delar av en ReadProcessMemory- eller WriteProcessMemory-begäran har slutförts. (0x12B)
[1015/100631.533:WARNING:pe_image_reader.cc(340)] could not read dos header from C:\windows\System32\msvcp_win.dll
[1015/100631.533:ERROR:process_memory_win.cc(73)] ReadMemory at 0x7ff8e8300000 of 64 bytes failed: Endast delar av en ReadProcessMemory- eller WriteProcessMemory-begäran har slutförts. (0x12B)
[1015/100631.534:WARNING:pe_image_reader.cc(340)] could not read dos header from C:\windows\System32\ucrtbase.dll
[1015/100631.534:ERROR:process_memory_win.cc(73)] ReadMemory at 0x7ff8e8a00000 of 64 bytes failed: Endast delar av en ReadProcessMemory- eller WriteProcessMemory-begäran har slutförts. (0x12B)
[1015/100631.534:WARNING:pe_image_reader.cc(340)] could not read dos header from C:\windows\System32\combase.dll
[1015/100631.534:ERROR:process_memory_win.cc(73)] ReadMemory at 0x7ff8e84b0000 of 64 bytes failed: Endast delar av en ReadProcessMemory- eller WriteProcessMemory-begäran har slutförts. (0x12B)
[1015/100631.534:WARNING:pe_image_reader.cc(340)] could not read dos header from C:\windows\System32\WINTRUST.dll
[1015/100631.534:ERROR:process_memory_win.cc(73)] ReadMemory at 0x7ff8e7350000 of 64 bytes failed: Endast delar av en ReadProcessMemory- eller WriteProcessMemory-begäran har slutförts. (0x12B)
[1015/100631.534:WARNING:pe_image_reader.cc(340)] could not read dos header from C:\windows\System32\MSASN1.dll
[1015/100631.534:ERROR:process_memory_win.cc(73)] ReadMemory at 0x7ff8e74c0000 of 64 bytes failed: Endast delar av en ReadProcessMemory- eller WriteProcessMemory-begäran har slutförts. (0x12B)
[1015/100631.534:WARNING:pe_image_reader.cc(340)] could not read dos header from C:\windows\System32\CRYPT32.dll
[1015/100631.534:ERROR:process_memory_win.cc(73)] ReadMemory at 0x7ff8e2a60000 of 64 bytes failed: Endast delar av en ReadProcessMemory- eller WriteProcessMemory-begäran har slutförts. (0x12B)
[1015/100631.534:WARNING:pe_image_reader.cc(340)] could not read dos header from C:\windows\SYSTEM32\dbghelp.dll
[1015/100631.534:ERROR:process_memory_win.cc(73)] ReadMemory at 0x7ff8e67b0000 of 64 bytes failed: Endast delar av en ReadProcessMemory- eller WriteProcessMemory-begäran har slutförts. (0x12B)
[1015/100631.534:WARNING:pe_image_reader.cc(340)] could not read dos header from C:\windows\SYSTEM32\IPHLPAPI.DLL
[1015/100631.534:ERROR:process_memory_win.cc(73)] ReadMemory at 0x7ff8e1df0000 of 64 bytes failed: Endast delar av en ReadProcessMemory- eller WriteProcessMemory-begäran har slutförts. (0x12B)
[1015/100631.534:WARNING:pe_image_reader.cc(340)] could not read dos header from C:\windows\SYSTEM32\WINMM.dll
[1015/100631.534:ERROR:process_memory_win.cc(73)] ReadMemory at 0x7ff8bd7e0000 of 64 bytes failed: Endast delar av en ReadProcessMemory- eller WriteProcessMemory-begäran har slutförts. (0x12B)
[1015/100631.535:WARNING:pe_image_reader.cc(340)] could not read dos header from C:\windows\SYSTEM32\UIAutomationCore.DLL
[1015/100631.535:ERROR:process_memory_win.cc(73)] ReadMemory at 0x7ff8d5740000 of 64 bytes failed: Endast delar av en ReadProcessMemory- eller WriteProcessMemory-begäran har slutförts. (0x12B)
[1015/100631.535:WARNING:pe_image_reader.cc(340)] could not read dos header from C:\windows\SYSTEM32\Secur32.dll
[1015/100631.535:ERROR:process_memory_win.cc(73)] ReadMemory at 0x7ff8e71c0000 of 64 bytes failed: Endast delar av en ReadProcessMemory- eller WriteProcessMemory-begäran har slutförts. (0x12B)
[1015/100631.535:WARNING:pe_image_reader.cc(340)] could not read dos header from C:\windows\SYSTEM32\USERENV.dll
[1015/100631.535:ERROR:process_memory_win.cc(73)] ReadMemory at 0x7ff8e7370000 of 64 bytes failed: Endast delar av en ReadProcessMemory- eller WriteProcessMemory-begäran har slutförts. (0x12B)
[1015/100631.537:WARNING:pe_image_reader.cc(340)] could not read dos header from C:\windows\System32\profapi.dll
[1015/100631.537:ERROR:process_memory_win.cc(73)] ReadMemory at 0x7ff8cd260000 of 64 bytes failed: Endast delar av en ReadProcessMemory- eller WriteProcessMemory-begäran har slutförts. (0x12B)
[1015/100631.537:WARNING:pe_image_reader.cc(340)] could not read dos header from C:\windows\SYSTEM32\DWrite.dll
[1015/100631.537:ERROR:process_memory_win.cc(73)] ReadMemory at 0x7ff8c8c30000 of 64 bytes failed: Endast delar av en ReadProcessMemory- eller WriteProcessMemory-begäran har slutförts. (0x12B)
[1015/100631.537:WARNING:pe_image_reader.cc(340)] could not read dos header from C:\windows\SYSTEM32\WINSPOOL.DRV
[1015/100631.537:ERROR:process_memory_win.cc(73)] ReadMemory at 0x7ff8e72d0000 of 64 bytes failed: Endast delar av en ReadProcessMemory- eller WriteProcessMemory-begäran har slutförts. (0x12B)
[1015/100631.537:WARNING:pe_image_reader.cc(340)] could not read dos header from C:\windows\System32\kernel.appcore.dll
[1015/100631.537:ERROR:process_memory_win.cc(73)] ReadMemory at 0x7ff8e73a0000 of 64 bytes failed: Endast delar av en ReadProcessMemory- eller WriteProcessMemory-begäran har slutförts. (0x12B)
[1015/100631.537:WARNING:pe_image_reader.cc(340)] could not read dos header from C:\windows\System32\bcrypt.dll
[1015/100631.537:ERROR:process_memory_win.cc(73)] ReadMemory at 0x7ff8d8a60000 of 64 bytes failed: Endast delar av en ReadProcessMemory- eller WriteProcessMemory-begäran har slutförts. (0x12B)
[1015/100631.537:WARNING:pe_image_reader.cc(340)] could not read dos header from C:\windows\SYSTEM32\WINHTTP.dll
[1015/100631.537:ERROR:process_memory_win.cc(73)] ReadMemory at 0x7ff8e2740000 of 64 bytes failed: Endast delar av en ReadProcessMemory- eller WriteProcessMemory-begäran har slutförts. (0x12B)
[1015/100631.537:WARNING:pe_image_reader.cc(340)] could not read dos header from C:\windows\SYSTEM32\dhcpcsvc.DLL
[1015/100631.537:ERROR:process_memory_win.cc(73)] ReadMemory at 0x7ff8ea3b0000 of 64 bytes failed: Endast delar av en ReadProcessMemory- eller WriteProcessMemory-begäran har slutförts. (0x12B)
[1015/100631.537:WARNING:pe_image_reader.cc(340)] could not read dos header from C:\windows\System32\NSI.dll
[1015/100631.537:ERROR:process_memory_win.cc(73)] ReadMemory at 0x7ff8e1d30000 of 64 bytes failed: Endast delar av en ReadProcessMemory- eller WriteProcessMemory-begäran har slutförts. (0x12B)
[1015/100631.537:WARNING:pe_image_reader.cc(340)] could not read dos header from C:\windows\SYSTEM32\WINMMBASE.dll
[1015/100631.537:ERROR:process_memory_win.cc(73)] ReadMemory at 0x7ff8e73d0000 of 64 bytes failed: Endast delar av en ReadProcessMemory- eller WriteProcessMemory-begäran har slutförts. (0x12B)
[1015/100631.537:WARNING:pe_image_reader.cc(340)] could not read dos header from C:\windows\System32\cfgmgr32.dll
[1015/100631.537:ERROR:process_memory_win.cc(73)] ReadMemory at 0x7ff8d0b20000 of 64 bytes failed: Endast delar av en ReadProcessMemory- eller WriteProcessMemory-begäran har slutförts. (0x12B)
[1015/100631.537:WARNING:pe_image_reader.cc(340)] could not read dos header from C:\windows\SYSTEM32\Bcp47Langs.dll
[1015/100631.537:ERROR:process_memory_win.cc(73)] ReadMemory at 0x7ff8e3a90000 of 64 bytes failed: Endast delar av en ReadProcessMemory- eller WriteProcessMemory-begäran har slutförts. (0x12B)
[1015/100631.537:WARNING:pe_image_reader.cc(340)] could not read dos header from C:\windows\SYSTEM32\PROPSYS.dll
[1015/100631.538:ERROR:process_memory_win.cc(73)] ReadMemory at 0x7ff8e8790000 of 64 bytes failed: Endast delar av en ReadProcessMemory- eller WriteProcessMemory-begäran har slutförts. (0x12B)
[1015/100631.539:WARNING:pe_image_reader.cc(340)] could not read dos header from C:\windows\System32\shcore.dll
[1015/100631.539:ERROR:process_memory_win.cc(73)] ReadMemory at 0x7ff8e71f0000 of 64 bytes failed: Endast delar av en ReadProcessMemory- eller WriteProcessMemory-begäran har slutförts. (0x12B)
[1015/100631.539:WARNING:pe_image_reader.cc(340)] could not read dos header from C:\windows\SYSTEM32\SSPICLI.DLL
[1015/100631.539:ERROR:process_memory_win.cc(73)] ReadMemory at 0x7ff8e6c60000 of 64 bytes failed: Endast delar av en ReadProcessMemory- eller WriteProcessMemory-begäran har slutförts. (0x12B)
[1015/100631.539:WARNING:pe_image_reader.cc(340)] could not read dos header from C:\windows\SYSTEM32\CRYPTBASE.DLL
[1015/100631.548:ERROR:process_memory_win.cc(73)] ReadMemory at 0x7a333ef000 of 69632 bytes failed: Endast delar av en ReadProcessMemory- eller WriteProcessMemory-begäran har slutförts. (0x12B)
[1015/100631.553:ERROR:process_memory_win.cc(73)] ReadMemory at 0x7a33bfe000 of 8192 bytes failed: Endast delar av en ReadProcessMemory- eller WriteProcessMemory-begäran har slutförts. (0x12B)
[1015/100631.554:ERROR:process_memory_win.cc(73)] ReadMemory at 0x7a343fe000 of 8192 bytes failed: Endast delar av en ReadProcessMemory- eller WriteProcessMemory-begäran har slutförts. (0x12B)
[1015/100631.558:ERROR:process_memory_win.cc(73)] ReadMemory at 0x7a34bfe000 of 8192 bytes failed: Endast delar av en ReadProcessMemory- eller WriteProcessMemory-begäran har slutförts. (0x12B)
[1015/100631.558:ERROR:process_memory_win.cc(73)] ReadMemory at 0x7a353fd000 of 12288 bytes failed: Endast delar av en ReadProcessMemory- eller WriteProcessMemory-begäran har slutförts. (0x12B)
[1015/100631.559:ERROR:process_memory_win.cc(73)] ReadMemory at 0x7a35bfe000 of 8192 bytes failed: Endast delar av en ReadProcessMemory- eller WriteProcessMemory-begäran har slutförts. (0x12B)
[1015/100631.559:ERROR:process_memory_win.cc(73)] ReadMemory at 0x7a363fe000 of 8192 bytes failed: Endast delar av en ReadProcessMemory- eller WriteProcessMemory-begäran har slutförts. (0x12B)
[1015/100631.560:ERROR:process_memory_win.cc(73)] ReadMemory at 0x7a36bfe000 of 8192 bytes failed: Endast delar av en ReadProcessMemory- eller WriteProcessMemory-begäran har slutförts. (0x12B)
[1015/100631.560:ERROR:process_memory_win.cc(73)] ReadMemory at 0x7a373fe000 of 8192 bytes failed: Endast delar av en ReadProcessMemory- eller WriteProcessMemory-begäran har slutförts. (0x12B)
[1015/100631.561:ERROR:process_memory_win.cc(73)] ReadMemory at 0x7a37bfe000 of 8192 bytes failed: Endast delar av en ReadProcessMemory- eller WriteProcessMemory-begäran har slutförts. (0x12B)
[1015/100631.561:ERROR:process_memory_win.cc(73)] ReadMemory at 0x7a383fe000 of 8192 bytes failed: Endast delar av en ReadProcessMemory- eller WriteProcessMemory-begäran har slutförts. (0x12B)
[1015/100631.561:ERROR:process_memory_win.cc(73)] ReadMemory at 0x7a38bfe000 of 8192 bytes failed: Endast delar av en ReadProcessMemory- eller WriteProcessMemory-begäran har slutförts. (0x12B)
[1015/100631.561:ERROR:process_memory_win.cc(73)] ReadMemory at 0x7a393fe000 of 8192 bytes failed: Endast delar av en ReadProcessMemory- eller WriteProcessMemory-begäran har slutförts. (0x12B)
[1015/100631.561:ERROR:process_memory_win.cc(73)] ReadMemory at 0x7a39bfe000 of 8192 bytes failed: Endast delar av en ReadProcessMemory- eller WriteProcessMemory-begäran har slutförts. (0x12B)
[1015/100631.561:ERROR:process_memory_win.cc(73)] ReadMemory at 0x7a3a3fe000 of 8192 bytes failed: Endast delar av en ReadProcessMemory- eller WriteProcessMemory-begäran har slutförts. (0x12B)
[1015/100631.562:ERROR:process_memory_win.cc(73)] ReadMemory at 0x7a3abfe000 of 8192 bytes failed: Endast delar av en ReadProcessMemory- eller WriteProcessMemory-begäran har slutförts. (0x12B)
[1015/100631.562:ERROR:process_memory_win.cc(73)] ReadMemory at 0x7a3b3fe000 of 8192 bytes failed: Endast delar av en ReadProcessMemory- eller WriteProcessMemory-begäran har slutförts. (0x12B)
[1015/100631.562:ERROR:process_memory_win.cc(73)] ReadMemory at 0x7a32b54000 of 852 bytes failed: Endast delar av en ReadProcessMemory- eller WriteProcessMemory-begäran har slutförts. (0x12B)
[1015/100631.562:ERROR:process_memory_win.cc(73)] ReadMemory at 0x7a32b55000 of 6024 bytes failed: Endast delar av en ReadProcessMemory- eller WriteProcessMemory-begäran har slutförts. (0x12B)
[1015/100631.562:ERROR:process_memory_win.cc(73)] ReadMemory at 0x7a32b57000 of 6024 bytes failed: Endast delar av en ReadProcessMemory- eller WriteProcessMemory-begäran har slutförts. (0x12B)
[1015/100631.562:ERROR:process_memory_win.cc(73)] ReadMemory at 0x7a32b59000 of 6024 bytes failed: Endast delar av en ReadProcessMemory- eller WriteProcessMemory-begäran har slutförts. (0x12B)
[1015/100631.562:ERROR:process_memory_win.cc(73)] ReadMemory at 0x7a32b5b000 of 6024 bytes failed: Endast delar av en ReadProcessMemory- eller WriteProcessMemory-begäran har slutförts. (0x12B)
[1015/100631.562:ERROR:process_memory_win.cc(73)] ReadMemory at 0x7a32b5d000 of 6024 bytes failed: Endast delar av en ReadProcessMemory- eller WriteProcessMemory-begäran har slutförts. (0x12B)
[1015/100631.563:ERROR:process_memory_win.cc(73)] ReadMemory at 0x7a32b5f000 of 6024 bytes failed: Endast delar av en ReadProcessMemory- eller WriteProcessMemory-begäran har slutförts. (0x12B)
[1015/100631.563:ERROR:process_memory_win.cc(73)] ReadMemory at 0x7a32b61000 of 6024 bytes failed: Endast delar av en ReadProcessMemory- eller WriteProcessMemory-begäran har slutförts. (0x12B)
[1015/100631.563:ERROR:process_memory_win.cc(73)] ReadMemory at 0x7a32b63000 of 6024 bytes failed: Endast delar av en ReadProcessMemory- eller WriteProcessMemory-begäran har slutförts. (0x12B)
[1015/100631.563:ERROR:process_memory_win.cc(73)] ReadMemory at 0x7a32b65000 of 6024 bytes failed: Endast delar av en ReadProcessMemory- eller WriteProcessMemory-begäran har slutförts. (0x12B)
[1015/100631.564:ERROR:process_memory_win.cc(73)] ReadMemory at 0x7a32b67000 of 6024 bytes failed: Endast delar av en ReadProcessMemory- eller WriteProcessMemory-begäran har slutförts. (0x12B)
[1015/100631.565:ERROR:process_memory_win.cc(73)] ReadMemory at 0x7a32b69000 of 6024 bytes failed: Endast delar av en ReadProcessMemory- eller WriteProcessMemory-begäran har slutförts. (0x12B)
[1015/100631.565:ERROR:process_memory_win.cc(73)] ReadMemory at 0x7a32b6b000 of 6024 bytes failed: Endast delar av en ReadProcessMemory- eller WriteProcessMemory-begäran har slutförts. (0x12B)
[1015/100631.565:ERROR:process_memory_win.cc(73)] ReadMemory at 0x7a32b6d000 of 6024 bytes failed: Endast delar av en ReadProcessMemory- eller WriteProcessMemory-begäran har slutförts. (0x12B)
[1015/100631.565:ERROR:process_memory_win.cc(73)] ReadMemory at 0x7a32b6f000 of 6024 bytes failed: Endast delar av en ReadProcessMemory- eller WriteProcessMemory-begäran har slutförts. (0x12B)
[1015/100631.565:ERROR:process_memory_win.cc(73)] ReadMemory at 0x7a32b71000 of 6024 bytes failed: Endast delar av en ReadProcessMemory- eller WriteProcessMemory-begäran har slutförts. (0x12B)
[1015/100631.565:ERROR:process_memory_win.cc(73)] ReadMemory at 0x7a32b73000 of 6024 bytes failed: Endast delar av en ReadProcessMemory- eller WriteProcessMemory-begäran har slutförts. (0x12B)
[1015/100631.567:ERROR:process_memory_win.cc(73)] ReadMemory at 0x7a32b75000 of 6024 bytes failed: Endast delar av en ReadProcessMemory- eller WriteProcessMemory-begäran har slutförts. (0x12B)
[1015/100631.567:ERROR:process_memory_win.cc(73)] ReadMemory at 0x19e814b8052 of 932 bytes failed: Endast delar av en ReadProcessMemory- eller WriteProcessMemory-begäran har slutförts. (0x12B)
[1015/100631.567:ERROR:process_memory_win.cc(73)] ReadMemory at 0x19e814bf758 of 512 bytes failed: Endast delar av en ReadProcessMemory- eller WriteProcessMemory-begäran har slutförts. (0x12B)
[1015/100631.568:ERROR:process_memory_win.cc(73)] ReadMemory at 0x19e814c0178 of 656 bytes failed: Endast delar av en ReadProcessMemory- eller WriteProcessMemory-begäran har slutförts. (0x12B)
[1015/100631.568:ERROR:process_memory_win.cc(73)] ReadMemory at 0x19e814c4ff8 of 512 bytes failed: Endast delar av en ReadProcessMemory- eller WriteProcessMemory-begäran har slutförts. (0x12B)
[1015/100631.568:ERROR:process_memory_win.cc(73)] ReadMemory at 0x19e8154e490 of 512 bytes failed: Endast delar av en ReadProcessMemory- eller WriteProcessMemory-begäran har slutförts. (0x12B)
[1015/100631.569:ERROR:process_memory_win.cc(73)] ReadMemory at 0x19e81876c18 of 512 bytes failed: Endast delar av en ReadProcessMemory- eller WriteProcessMemory-begäran har slutförts. (0x12B)
[1015/100631.569:ERROR:process_memory_win.cc(73)] ReadMemory at 0x19e81889c70 of 512 bytes failed: Endast delar av en ReadProcessMemory- eller WriteProcessMemory-begäran har slutförts. (0x12B)
[1015/100631.569:ERROR:process_memory_win.cc(73)] ReadMemory at 0x19e818b92d0 of 512 bytes failed: Endast delar av en ReadProcessMemory- eller WriteProcessMemory-begäran har slutförts. (0x12B)
[1015/100631.569:ERROR:process_memory_win.cc(73)] ReadMemory at 0x19e818d0fc0 of 512 bytes failed: Endast delar av en ReadProcessMemory- eller WriteProcessMemory-begäran har slutförts. (0x12B)
[1015/100631.569:ERROR:process_memory_win.cc(73)] ReadMemory at 0x19efb930fe0 of 5696 bytes failed: Endast delar av en ReadProcessMemory- eller WriteProcessMemory-begäran har slutförts. (0x12B)
[1015/100631.569:ERROR:process_memory_win.cc(73)] ReadMemory at 0x19efb932630 of 1012 bytes failed: Endast delar av en ReadProcessMemory- eller WriteProcessMemory-begäran har slutförts. (0x12B)
[1015/100631.570:ERROR:process_memory_win.cc(73)] ReadMemory at 0x19efb932c58 of 118 bytes failed: Endast delar av en ReadProcessMemory- eller WriteProcessMemory-begäran har slutförts. (0x12B)
[1015/100631.570:ERROR:process_memory_win.cc(73)] ReadMemory at 0x19efb932cd0 of 712 bytes failed: Endast delar av en ReadProcessMemory- eller WriteProcessMemory-begäran har slutförts. (0x12B)
[1015/100631.570:ERROR:process_memory_win.cc(73)] ReadMemory at 0x19efb932f9a of 118 bytes failed: Endast delar av en ReadProcessMemory- eller WriteProcessMemory-begäran har slutförts. (0x12B)
[1015/100631.570:ERROR:process_memory_win.cc(73)] ReadMemory at 0x19efb933012 of 96 bytes failed: Endast delar av en ReadProcessMemory- eller WriteProcessMemory-begäran har slutförts. (0x12B)
[1015/100631.570:ERROR:process_memory_win.cc(73)] ReadMemory at 0x19efb933080 of 58 bytes failed: Endast delar av en ReadProcessMemory- eller WriteProcessMemory-begäran har slutförts. (0x12B)
[1015/100631.571:ERROR:process_memory_win.cc(73)] ReadMemory at 0x19efb933180 of 132 bytes failed: Endast delar av en ReadProcessMemory- eller WriteProcessMemory-begäran har slutförts. (0x12B)
[1015/100631.571:ERROR:process_memory_win.cc(73)] ReadMemory at 0x19efb933310 of 132 bytes failed: Endast delar av en ReadProcessMemory- eller WriteProcessMemory-begäran har slutförts. (0x12B)
[1015/100631.571:ERROR:process_memory_win.cc(73)] ReadMemory at 0x19efb9334d0 of 124 bytes failed: Endast delar av en ReadProcessMemory- eller WriteProcessMemory-begäran har slutförts. (0x12B)
[1015/100631.571:ERROR:process_memory_win.cc(73)] ReadMemory at 0x19efb9339d0 of 132 bytes failed: Endast delar av en ReadProcessMemory- eller WriteProcessMemory-begäran har slutförts. (0x12B)
[1015/100631.573:ERROR:process_memory_win.cc(73)] ReadMemory at 0x19efb933b60 of 64 bytes failed: Endast delar av en ReadProcessMemory- eller WriteProcessMemory-begäran har slutförts. (0x12B)
[1015/100631.573:ERROR:process_memory_win.cc(73)] ReadMemory at 0x19efb933d20 of 132 bytes failed: Endast delar av en ReadProcessMemory- eller WriteProcessMemory-begäran har slutförts. (0x12B)
[1015/100631.573:ERROR:process_memory_win.cc(73)] ReadMemory at 0x19efb933fd0 of 132 bytes failed: Endast delar av en ReadProcessMemory- eller WriteProcessMemory-begäran har slutförts. (0x12B)
[1015/100631.573:ERROR:process_memory_win.cc(73)] ReadMemory at 0x19efb934160 of 68 bytes failed: Endast delar av en ReadProcessMemory- eller WriteProcessMemory-begäran har slutförts. (0x12B)
[1015/100631.573:ERROR:process_memory_win.cc(73)] ReadMemory at 0x19efb935100 of 132 bytes failed: Endast delar av en ReadProcessMemory- eller WriteProcessMemory-begäran har slutförts. (0x12B)
[1015/100631.573:ERROR:process_memory_win.cc(73)] ReadMemory at 0x19efb935290 of 152 bytes failed: Endast delar av en ReadProcessMemory- eller WriteProcessMemory-begäran har slutförts. (0x12B)
[1015/100631.574:ERROR:process_memory_win.cc(73)] ReadMemory at 0x19efb936b80 of 60 bytes failed: Endast delar av en ReadProcessMemory- eller WriteProcessMemory-begäran har slutförts. (0x12B)
[1015/100631.574:ERROR:process_memory_win.cc(73)] ReadMemory at 0x19efb936bd0 of 62 bytes failed: Endast delar av en ReadProcessMemory- eller WriteProcessMemory-begäran har slutförts. (0x12B)
[1015/100631.574:ERROR:process_memory_win.cc(73)] ReadMemory at 0x19efb936dc0 of 132 bytes failed: Endast delar av en ReadProcessMemory- eller WriteProcessMemory-begäran har slutförts. (0x12B)
[1015/100631.574:ERROR:process_memory_win.cc(73)] ReadMemory at 0x19efb93f2b0 of 62 bytes failed: Endast delar av en ReadProcessMemory- eller WriteProcessMemory-begäran har slutförts. (0x12B)
[1015/100631.574:ERROR:process_memory_win.cc(73)] ReadMemory at 0x19efb941ed0 of 54 bytes failed: Endast delar av en ReadProcessMemory- eller WriteProcessMemory-begäran har slutförts. (0x12B)
[1015/100631.574:ERROR:process_memory_win.cc(73)] ReadMemory at 0x19efb9437d0 of 132 bytes failed: Endast delar av en ReadProcessMemory- eller WriteProcessMemory-begäran har slutförts. (0x12B)
[1015/100631.574:ERROR:process_memory_win.cc(73)] ReadMemory at 0x19efb9439e0 of 132 bytes failed: Endast delar av en ReadProcessMemory- eller WriteProcessMemory-begäran har slutförts. (0x12B)
[1015/100631.574:ERROR:process_memory_win.cc(73)] ReadMemory at 0x19efb943c80 of 132 bytes failed: Endast delar av en ReadProcessMemory- eller WriteProcessMemory-begäran har slutförts. (0x12B)
[1015/100631.574:ERROR:process_memory_win.cc(73)] ReadMemory at 0x19efb943db0 of 132 bytes failed: Endast delar av en ReadProcessMemory- eller WriteProcessMemory-begäran har slutförts. (0x12B)
[1015/100631.574:ERROR:process_memory_win.cc(73)] ReadMemory at 0x19efb9441f0 of 132 bytes failed: Endast delar av en ReadProcessMemory- eller WriteProcessMemory-begäran har slutförts. (0x12B)
[1015/100631.575:ERROR:process_memory_win.cc(73)] ReadMemory at 0x19efb945000 of 76 bytes failed: Endast delar av en ReadProcessMemory- eller WriteProcessMemory-begäran har slutförts. (0x12B)
[1015/100631.575:ERROR:process_memory_win.cc(73)] ReadMemory at 0x19efb9456c0 of 80 bytes failed: Endast delar av en ReadProcessMemory- eller WriteProcessMemory-begäran har slutförts. (0x12B)
[1015/100631.575:ERROR:process_memory_win.cc(73)] ReadMemory at 0x19efb9459f0 of 132 bytes failed: Endast delar av en ReadProcessMemory- eller WriteProcessMemory-begäran har slutförts. (0x12B)
[1015/100631.575:ERROR:process_memory_win.cc(73)] ReadMemory at 0x19efb945fc0 of 512 bytes failed: Endast delar av en ReadProcessMemory- eller WriteProcessMemory-begäran har slutförts. (0x12B)
[1015/100631.576:ERROR:process_memory_win.cc(73)] ReadMemory at 0x19efb947a70 of 132 bytes failed: Endast delar av en ReadProcessMemory- eller WriteProcessMemory-begäran har slutförts. (0x12B)
[1015/100631.576:ERROR:process_memory_win.cc(73)] ReadMemory at 0x19efb947ba0 of 132 bytes failed: Endast delar av en ReadProcessMemory- eller WriteProcessMemory-begäran har slutförts. (0x12B)
[1015/100631.576:ERROR:process_memory_win.cc(73)] ReadMemory at 0x19efb947cd0 of 132 bytes failed: Endast delar av en ReadProcessMemory- eller WriteProcessMemory-begäran har slutförts. (0x12B)
[1015/100631.576:ERROR:process_memory_win.cc(73)] ReadMemory at 0x19efb947e00 of 132 bytes failed: Endast delar av en ReadProcessMemory- eller WriteProcessMemory-begäran har slutförts. (0x12B)
[1015/100631.576:ERROR:process_memory_win.cc(73)] ReadMemory at 0x19efb947f30 of 132 bytes failed: Endast delar av en ReadProcessMemory- eller WriteProcessMemory-begäran har slutförts. (0x12B)
[1015/100631.576:ERROR:process_memory_win.cc(73)] ReadMemory at 0x19efb948060 of 132 bytes failed: Endast delar av en ReadProcessMemory- eller WriteProcessMemory-begäran har slutförts. (0x12B)
[1015/100631.577:ERROR:process_memory_win.cc(73)] ReadMemory at 0x19efb949ab0 of 144 bytes failed: Endast delar av en ReadProcessMemory- eller WriteProcessMemory-begäran har slutförts. (0x12B)
[1015/100631.577:ERROR:process_memory_win.cc(73)] ReadMemory at 0x19efb949ba0 of 132 bytes failed: Endast delar av en ReadProcessMemory- eller WriteProcessMemory-begäran har slutförts. (0x12B)
[1015/100631.577:ERROR:process_memory_win.cc(73)] ReadMemory at 0x19efb94b070 of 62 bytes failed: Endast delar av en ReadProcessMemory- eller WriteProcessMemory-begäran har slutförts. (0x12B)
[1015/100631.577:ERROR:process_memory_win.cc(73)] ReadMemory at 0x19efb94b110 of 64 bytes failed: Endast delar av en ReadProcessMemory- eller WriteProcessMemory-begäran har slutförts. (0x12B)
[1015/100631.577:ERROR:process_memory_win.cc(73)] ReadMemory at 0x19efb94b160 of 64 bytes failed: Endast delar av en ReadProcessMemory- eller WriteProcessMemory-begäran har slutförts. (0x12B)
[1015/100631.577:ERROR:process_memory_win.cc(73)] ReadMemory at 0x19efb94b1b0 of 64 bytes failed: Endast delar av en ReadProcessMemory- eller WriteProcessMemory-begäran har slutförts. (0x12B)
[1015/100631.577:ERROR:process_memory_win.cc(73)] ReadMemory at 0x19efb94b340 of 66 bytes failed: Endast delar av en ReadProcessMemory- eller WriteProcessMemory-begäran har slutförts. (0x12B)
[1015/100631.577:ERROR:process_memory_win.cc(73)] ReadMemory at 0x19efb94b4d0 of 68 bytes failed: Endast delar av en ReadProcessMemory- eller WriteProcessMemory-begäran har slutförts. (0x12B)
[1015/100631.578:ERROR:process_memory_win.cc(73)] ReadMemory at 0x19efb94b570 of 62 bytes failed: Endast delar av en ReadProcessMemory- eller WriteProcessMemory-begäran har slutförts. (0x12B)
[1015/100631.578:ERROR:process_memory_win.cc(73)] ReadMemory at 0x19efb94b610 of 64 bytes failed: Endast delar av en ReadProcessMemory- eller WriteProcessMemory-begäran har slutförts. (0x12B)
[1015/100631.578:ERROR:process_memory_win.cc(73)] ReadMemory at 0x19efb94b660 of 60 bytes failed: Endast delar av en ReadProcessMemory- eller WriteProcessMemory-begäran har slutförts. (0x12B)
[1015/100631.578:ERROR:process_memory_win.cc(73)] ReadMemory at 0x19efb94b700 of 62 bytes failed: Endast delar av en ReadProcessMemory- eller WriteProcessMemory-begäran har slutförts. (0x12B)
[1015/100631.578:ERROR:process_memory_win.cc(73)] ReadMemory at 0x19efb94b7a0 of 64 bytes failed: Endast delar av en ReadProcessMemory- eller WriteProcessMemory-begäran har slutförts. (0x12B)
[1015/100631.578:ERROR:process_memory_win.cc(73)] ReadMemory at 0x19efb94b840 of 58 bytes failed: Endast delar av en ReadProcessMemory- eller WriteProcessMemory-begäran har slutförts. (0x12B)
[1015/100631.578:ERROR:process_memory_win.cc(73)] ReadMemory at 0x19efb94b890 of 64 bytes failed: Endast delar av en ReadProcessMemory- eller WriteProcessMemory-begäran har slutförts. (0x12B)
[1015/100631.579:ERROR:process_memory_win.cc(73)] ReadMemory at 0x19efb94b980 of 62 bytes failed: Endast delar av en ReadProcessMemory- eller WriteProcessMemory-begäran har slutförts. (0x12B)
[1015/100631.579:ERROR:process_memory_win.cc(73)] ReadMemory at 0x19efb94ba20 of 64 bytes failed: Endast delar av en ReadProcessMemory- eller WriteProcessMemory-begäran har slutförts. (0x12B)
[1015/100631.579:ERROR:process_memory_win.cc(73)] ReadMemory at 0x19efb94bac0 of 62 bytes failed: Endast delar av en ReadProcessMemory- eller WriteProcessMemory-begäran har slutförts. (0x12B)
[1015/100631.579:ERROR:process_memory_win.cc(73)] ReadMemory at 0x19efb94bb10 of 62 bytes failed: Endast delar av en ReadProcessMemory- eller WriteProcessMemory-begäran har slutförts. (0x12B)
[1015/100631.579:ERROR:process_memory_win.cc(73)] ReadMemory at 0x19efb94bb60 of 60 bytes failed: Endast delar av en ReadProcessMemory- eller WriteProcessMemory-begäran har slutförts. (0x12B)
[1015/100631.579:ERROR:process_memory_win.cc(73)] ReadMemory at 0x19efb94bbb0 of 64 bytes failed: Endast delar av en ReadProcessMemory- eller WriteProcessMemory-begäran har slutförts. (0x12B)
[1015/100631.579:ERROR:process_memory_win.cc(73)] ReadMemory at 0x19efb94bc50 of 62 bytes failed: Endast delar av en ReadProcessMemory- eller WriteProcessMemory-begäran har slutförts. (0x12B)
[1015/100631.580:ERROR:process_memory_win.cc(73)] ReadMemory at 0x19efb94bca0 of 60 bytes failed: Endast delar av en ReadProcessMemory- eller WriteProcessMemory-begäran har slutförts. (0x12B)
[1015/100631.580:ERROR:process_memory_win.cc(73)] ReadMemory at 0x19efb94bcf0 of 60 bytes failed: Endast delar av en ReadProcessMemory- eller WriteProcessMemory-begäran har slutförts. (0x12B)
[1015/100631.582:ERROR:process_memory_win.cc(73)] ReadMemory at 0x19efb94bd90 of 62 bytes failed: Endast delar av en ReadProcessMemory- eller WriteProcessMemory-begäran har slutförts. (0x12B)
[1015/100631.583:ERROR:process_memory_win.cc(73)] ReadMemory at 0x19efb94be30 of 66 bytes failed: Endast delar av en ReadProcessMemory- eller WriteProcessMemory-begäran har slutförts. (0x12B)
[1015/100631.583:ERROR:process_memory_win.cc(73)] ReadMemory at 0x19efb94be80 of 62 bytes failed: Endast delar av en ReadProcessMemory- eller WriteProcessMemory-begäran har slutförts. (0x12B)
[1015/100631.583:ERROR:process_memory_win.cc(73)] ReadMemory at 0x19efb94bed0 of 60 bytes failed: Endast delar av en ReadProcessMemory- eller WriteProcessMemory-begäran har slutförts. (0x12B)
[1015/100631.584:ERROR:process_memory_win.cc(73)] ReadMemory at 0x19efb94bf70 of 60 bytes failed: Endast delar av en ReadProcessMemory- eller WriteProcessMemory-begäran har slutförts. (0x12B)
[1015/100631.584:ERROR:process_memory_win.cc(73)] ReadMemory at 0x19efb94c0c0 of 132 bytes failed: Endast delar av en ReadProcessMemory- eller WriteProcessMemory-begäran har slutförts. (0x12B)
[1015/100631.584:ERROR:process_memory_win.cc(73)] ReadMemory at 0x19efb94f5c0 of 80 bytes failed: Endast delar av en ReadProcessMemory- eller WriteProcessMemory-begäran har slutförts. (0x12B)
[1015/100631.584:ERROR:process_memory_win.cc(73)] ReadMemory at 0x19efb952040 of 132 bytes failed: Endast delar av en ReadProcessMemory- eller WriteProcessMemory-begäran har slutförts. (0x12B)
[1015/100631.584:ERROR:process_memory_win.cc(73)] ReadMemory at 0x19efb9523a0 of 132 bytes failed: Endast delar av en ReadProcessMemory- eller WriteProcessMemory-begäran har slutförts. (0x12B)
[1015/100631.586:ERROR:process_memory_win.cc(73)] ReadMemory at 0x19efb952e40 of 132 bytes failed: Endast delar av en ReadProcessMemory- eller WriteProcessMemory-begäran har slutförts. (0x12B)
[1015/100631.586:ERROR:process_memory_win.cc(73)] ReadMemory at 0x19efb952f70 of 132 bytes failed: Endast delar av en ReadProcessMemory- eller WriteProcessMemory-begäran har slutförts. (0x12B)
[1015/100631.586:ERROR:process_memory_win.cc(73)] ReadMemory at 0x19efb9530a0 of 132 bytes failed: Endast delar av en ReadProcessMemory- eller WriteProcessMemory-begäran har slutförts. (0x12B)
[1015/100631.586:ERROR:process_memory_win.cc(73)] ReadMemory at 0x19efb9531d0 of 132 bytes failed: Endast delar av en ReadProcessMemory- eller WriteProcessMemory-begäran har slutförts. (0x12B)
[1015/100631.586:ERROR:process_memory_win.cc(73)] ReadMemory at 0x19efb953300 of 132 bytes failed: Endast delar av en ReadProcessMemory- eller WriteProcessMemory-begäran har slutförts. (0x12B)
[1015/100631.586:ERROR:process_memory_win.cc(73)] ReadMemory at 0x19efb953430 of 132 bytes failed: Endast delar av en ReadProcessMemory- eller WriteProcessMemory-begäran har slutförts. (0x12B)
[1015/100631.586:ERROR:process_memory_win.cc(73)] ReadMemory at 0x19efb953690 of 132 bytes failed: Endast delar av en ReadProcessMemory- eller WriteProcessMemory-begäran har slutförts. (0x12B)
[1015/100631.586:ERROR:process_memory_win.cc(73)] ReadMemory at 0x19efb9538f0 of 132 bytes failed: Endast delar av en ReadProcessMemory- eller WriteProcessMemory-begäran har slutförts. (0x12B)
[1015/100631.587:ERROR:process_memory_win.cc(73)] ReadMemory at 0x19efb953a20 of 132 bytes failed: Endast delar av en ReadProcessMemory- eller WriteProcessMemory-begäran har slutförts. (0x12B)
[1015/100631.587:ERROR:process_memory_win.cc(73)] ReadMemory at 0x19efb953b50 of 132 bytes failed: Endast delar av en ReadProcessMemory- eller WriteProcessMemory-begäran har slutförts. (0x12B)
[1015/100631.587:ERROR:process_memory_win.cc(73)] ReadMemory at 0x19efb953c80 of 132 bytes failed: Endast delar av en ReadProcessMemory- eller WriteProcessMemory-begäran har slutförts. (0x12B)
[1015/100631.587:ERROR:process_memory_win.cc(73)] ReadMemory at 0x19efb953ee0 of 132 bytes failed: Endast delar av en ReadProcessMemory- eller WriteProcessMemory-begäran har slutförts. (0x12B)
[1015/100631.587:ERROR:process_memory_win.cc(73)] ReadMemory at 0x19efb954010 of 132 bytes failed: Endast delar av en ReadProcessMemory- eller WriteProcessMemory-begäran har slutförts. (0x12B)
[1015/100631.587:ERROR:process_memory_win.cc(73)] ReadMemory at 0x19efb954140 of 132 bytes failed: Endast delar av en ReadProcessMemory- eller WriteProcessMemory-begäran har slutförts. (0x12B)
[1015/100631.587:ERROR:process_memory_win.cc(73)] ReadMemory at 0x19efb954730 of 132 bytes failed: Endast delar av en ReadProcessMemory- eller WriteProcessMemory-begäran har slutförts. (0x12B)
[1015/100631.587:ERROR:process_memory_win.cc(73)] ReadMemory at 0x19efb954990 of 132 bytes failed: Endast delar av en ReadProcessMemory- eller WriteProcessMemory-begäran har slutförts. (0x12B)
[1015/100631.587:ERROR:process_memory_win.cc(73)] ReadMemory at 0x19efb954ac0 of 132 bytes failed: Endast delar av en ReadProcessMemory- eller WriteProcessMemory-begäran har slutförts. (0x12B)
[1015/100631.588:ERROR:process_memory_win.cc(73)] ReadMemory at 0x19efb99ce10 of 640 bytes failed: Endast delar av en ReadProcessMemory- eller WriteProcessMemory-begäran har slutförts. (0x12B)
[1015/100631.588:ERROR:process_memory_win.cc(73)] ReadMemory at 0x19efb99db10 of 512 bytes failed: Endast delar av en ReadProcessMemory- eller WriteProcessMemory-begäran har slutförts. (0x12B)
[1015/100631.588:ERROR:process_memory_win.cc(73)] ReadMemory at 0x19efb99dd60 of 512 bytes failed: Endast delar av en ReadProcessMemory- eller WriteProcessMemory-begäran har slutförts. (0x12B)
[1015/100631.588:ERROR:process_memory_win.cc(73)] ReadMemory at 0x19efb9af070 of 512 bytes failed: Endast delar av en ReadProcessMemory- eller WriteProcessMemory-begäran har slutförts. (0x12B)
[1015/100631.589:ERROR:process_memory_win.cc(73)] ReadMemory at 0x19efb9b28f0 of 512 bytes failed: Endast delar av en ReadProcessMemory- eller WriteProcessMemory-begäran har slutförts. (0x12B)
[1015/100631.589:ERROR:process_memory_win.cc(73)] ReadMemory at 0x19efb9c1860 of 712 bytes failed: Endast delar av en ReadProcessMemory- eller WriteProcessMemory-begäran har slutförts. (0x12B)
[1015/100631.589:ERROR:process_memory_win.cc(73)] ReadMemory at 0x19efb9c2238 of 512 bytes failed: Endast delar av en ReadProcessMemory- eller WriteProcessMemory-begäran har slutförts. (0x12B)
[1015/100631.589:ERROR:process_memory_win.cc(73)] ReadMemory at 0x19efb9d79f0 of 512 bytes failed: Endast delar av en ReadProcessMemory- eller WriteProcessMemory-begäran har slutförts. (0x12B)
[1015/100631.590:ERROR:process_memory_win.cc(73)] ReadMemory at 0x19efb9e24f0 of 512 bytes failed: Endast delar av en ReadProcessMemory- eller WriteProcessMemory-begäran har slutförts. (0x12B)
[1015/100631.591:ERROR:process_memory_win.cc(73)] ReadMemory at 0x19efb9e44f8 of 512 bytes failed: Endast delar av en ReadProcessMemory- eller WriteProcessMemory-begäran har slutförts. (0x12B)
[1015/100631.591:ERROR:process_memory_win.cc(73)] ReadMemory at 0x19efb9e5880 of 528 bytes failed: Endast delar av en ReadProcessMemory- eller WriteProcessMemory-begäran har slutförts. (0x12B)
[1015/100631.592:ERROR:process_memory_win.cc(73)] ReadMemory at 0x19efb9ec490 of 512 bytes failed: Endast delar av en ReadProcessMemory- eller WriteProcessMemory-begäran har slutförts. (0x12B)
[1015/100631.592:ERROR:process_memory_win.cc(73)] ReadMemory at 0x19efb9ed010 of 512 bytes failed: Endast delar av en ReadProcessMemory- eller WriteProcessMemory-begäran har slutförts. (0x12B)
[1015/100631.592:ERROR:process_memory_win.cc(73)] ReadMemory at 0x19efba30c40 of 512 bytes failed: Endast delar av en ReadProcessMemory- eller WriteProcessMemory-begäran har slutförts. (0x12B)
[1015/100631.592:ERROR:process_memory_win.cc(73)] ReadMemory at 0x19efba32b00 of 512 bytes failed: Endast delar av en ReadProcessMemory- eller WriteProcessMemory-begäran har slutförts. (0x12B)
[1015/100631.592:ERROR:process_memory_win.cc(73)] ReadMemory at 0x69a9cfeb27a8 of 512 bytes failed: Endast delar av en ReadProcessMemory- eller WriteProcessMemory-begäran har slutförts. (0x12B)
[1015/100631.592:ERROR:process_memory_win.cc(73)] ReadMemory at 0x7ff8706e4090 of 512 bytes failed: Endast delar av en ReadProcessMemory- eller WriteProcessMemory-begäran har slutförts. (0x12B)
[1015/100631.592:ERROR:process_memory_win.cc(73)] ReadMemory at 0x7ff8734b1dd0 of 512 bytes failed: Endast delar av en ReadProcessMemory- eller WriteProcessMemory-begäran har slutförts. (0x12B)
[1015/100631.593:ERROR:process_memory_win.cc(73)] ReadMemory at 0x7ff874662d83 of 512 bytes failed: Endast delar av en ReadProcessMemory- eller WriteProcessMemory-begäran har slutförts. (0x12B)
[1015/100631.593:ERROR:process_memory_win.cc(73)] ReadMemory at 0x7ff87919b558 of 512 bytes failed: Endast delar av en ReadProcessMemory- eller WriteProcessMemory-begäran har slutförts. (0x12B)
[1015/100631.593:ERROR:process_memory_win.cc(73)] ReadMemory at 0x7ff8ab449b10 of 512 bytes failed: Endast delar av en ReadProcessMemory- eller WriteProcessMemory-begäran har slutförts. (0x12B)
[1015/100631.593:ERROR:process_memory_win.cc(73)] ReadMemory at 0x7ff8e8d521f0 of 512 bytes failed: Endast delar av en ReadProcessMemory- eller WriteProcessMemory-begäran har slutförts. (0x12B)
[1015/100631.593:ERROR:process_memory_win.cc(73)] ReadMemory at 0x7ff8eb2f0000 of 384 bytes failed: Endast delar av en ReadProcessMemory- eller WriteProcessMemory-begäran har slutförts. (0x12B)
[1015/100631.593:ERROR:process_memory_win.cc(73)] ReadMemory at 0x7ff8eb38f764 of 832 bytes failed: Endast delar av en ReadProcessMemory- eller WriteProcessMemory-begäran har slutförts. (0x12B)
[1015/100631.593:ERROR:process_memory_win.cc(73)] ReadMemory at 0x7ff8eb392ff4 of 608 bytes failed: Endast delar av en ReadProcessMemory- eller WriteProcessMemory-begäran har slutförts. (0x12B)
[1015/100631.594:ERROR:process_memory_win.cc(73)] ReadMemory at 0x7ff8eb41c0c8 of 18 bytes failed: Endast delar av en ReadProcessMemory- eller WriteProcessMemory-begäran har slutförts. (0x12B)
[1015/100631.594:ERROR:process_memory_win.cc(73)] ReadMemory at 0x7ff8eb44f4f8 of 40 bytes failed: Endast delar av en ReadProcessMemory- eller WriteProcessMemory-begäran har slutförts. (0x12B)
[1015/100631.594:ERROR:process_memory_win.cc(73)] ReadMemory at 0x7ff8eb44f978 of 48 bytes failed: Endast delar av en ReadProcessMemory- eller WriteProcessMemory-begäran har slutförts. (0x12B)
[1015/100631.594:ERROR:process_memory_win.cc(73)] ReadMemory at 0x7ff8eb4553a0 of 64 bytes failed: Endast delar av en ReadProcessMemory- eller WriteProcessMemory-begäran har slutförts. (0x12B)
[1015/100631.596:ERROR:filesystem_win.cc(129)] GetFileAttributes C:\Users\arvid.anderson\AppData\Local\Google\Chrome\User Data\Crashpad\attachments\6e177918-cd56-4b76-93a2-40cc4bd3ed57: Det går inte att hitta sökvägen. (0x3)
[1015/100631.596:ERROR:scoped_process_suspend.cc(40)] NtResumeProcess: Ett försök gjordes att använda en befintlig process. (0xc000010a)
[1015/100652.653:ERROR:http_transport_win.cc(276)] WinHttpSendRequest: Åtgärden har slutförts. (0x0)
[1015/101220.021:ERROR:directory_reader_win.cc(43)] FindFirstFile: Det går inte att hitta sökvägen. (0x3)
[1023/102933.669:ERROR:directory_reader_win.cc(43)] FindFirstFile: Det går inte att hitta sökvägen. (0x3)
